<?xml version="1.0" encoding="UTF-8"?>
<!-- Generated by org.testng.reporters.JUnitXMLReporter -->
<testsuite ignored="0" hostname="DESKTOP-IS956AS" failures="1" tests="7" name="Test" time="24.211" errors="0" timestamp="2022-06-18T16:07:26 IST">
  <testcase classname="MerchantUI.LoginPage" name="InvalidLogin" time="0.648"/>
  <testcase classname="MerchantUI.LoginPage" name="InvalidLogin" time="0.618"/>
  <testcase classname="MerchantUI.LoginPage" name="InvalidLogin" time="0.481"/>
  <testcase classname="MerchantUI.LoginPage" name="InvalidLogin" time="0.448"/>
  <testcase classname="MerchantUI.LoginPage" name="InvalidLogin" time="0.423"/>
  <testcase classname="MerchantUI.LoginPage" name="InvalidLogin" time="0.46"/>
  <testcase classname="MerchantUI.LoginPage" name="loginFormTitleValidation" time="0.058">
    <failure type="java.lang.AssertionError" message="expected [Login to Test Merchant Accounts] but found [Login to Test Merchant Account]">
      <![CDATA[java.lang.AssertionError: expected [Login to Test Merchant Accounts] but found [Login to Test Merchant Account]
at MerchantUI.LoginPage.loginFormTitleValidation(LoginPage.java:38)
at java.base/java.util.ArrayList.forEach(ArrayList.java:1541)
... Removed 37 stack frames]]>
    </failure>
  </testcase> <!-- loginFormTitleValidation -->
</testsuite> <!-- Test -->
