<?xml version="1.0" encoding="UTF-8"?>
<testng-results ignored="0" total="7" passed="6" failed="1" skipped="0">
  <reporter-output>
  </reporter-output>
  <suite started-at="2022-06-18T16:07:01 IST" name="Suite" finished-at="2022-06-18T16:07:25 IST" duration-ms="24211">
    <groups>
    </groups>
    <test started-at="2022-06-18T16:07:01 IST" name="Test" finished-at="2022-06-18T16:07:25 IST" duration-ms="24211">
      <class name="MerchantUI.LoginPage">
        <test-method is-config="true" signature="beforeTestExec()[pri:0, instance:MerchantUI.LoginPage@61e3a1fd]" started-at="2022-06-18T16:07:01 IST" name="beforeTestExec" finished-at="2022-06-18T16:07:19 IST" duration-ms="17408" status="PASS">
          <reporter-output>
          </reporter-output>
        </test-method> <!-- beforeTestExec -->
        <test-method signature="InvalidLogin(java.lang.String,java.lang.String,java.lang.String)[pri:0, instance:MerchantUI.LoginPage@61e3a1fd]" started-at="2022-06-18T16:07:19 IST" name="InvalidLogin" data-provider="getInvalidTestData" finished-at="2022-06-18T16:07:19 IST" duration-ms="648" status="PASS">
          <params>
            <param index="0">
              <value>
                <![CDATA[Gpaystaging]]>
              </value>
            </param>
            <param index="1">
              <value>
                <![CDATA[<Password=Valid/>]]>
              </value>
            </param>
            <param index="2">
              <value>
                <![CDATA[Test With Valid Username Invalid Password]]>
              </value>
            </param>
          </params>
          <reporter-output>
          </reporter-output>
        </test-method> <!-- InvalidLogin -->
        <test-method signature="InvalidLogin(java.lang.String,java.lang.String,java.lang.String)[pri:0, instance:MerchantUI.LoginPage@61e3a1fd]" started-at="2022-06-18T16:07:20 IST" name="InvalidLogin" data-provider="getInvalidTestData" finished-at="2022-06-18T16:07:21 IST" duration-ms="618" status="PASS">
          <params>
            <param index="0">
              <value>
                <![CDATA[<Username=Valid/>]]>
              </value>
            </param>
            <param index="1">
              <value>
                <![CDATA[test@1234]]>
              </value>
            </param>
            <param index="2">
              <value>
                <![CDATA[Test With Invalid Username Valid Password]]>
              </value>
            </param>
          </params>
          <reporter-output>
          </reporter-output>
        </test-method> <!-- InvalidLogin -->
        <test-method signature="InvalidLogin(java.lang.String,java.lang.String,java.lang.String)[pri:0, instance:MerchantUI.LoginPage@61e3a1fd]" started-at="2022-06-18T16:07:21 IST" name="InvalidLogin" data-provider="getInvalidTestData" finished-at="2022-06-18T16:07:22 IST" duration-ms="481" status="PASS">
          <params>
            <param index="0">
              <value>
                <![CDATA[!@#$%^1234]]>
              </value>
            </param>
            <param index="1">
              <value>
                <![CDATA[!@#$%^&^%$]]>
              </value>
            </param>
            <param index="2">
              <value>
                <![CDATA[Test With Invalid Username Invalid Password]]>
              </value>
            </param>
          </params>
          <reporter-output>
          </reporter-output>
        </test-method> <!-- InvalidLogin -->
        <test-method signature="InvalidLogin(java.lang.String,java.lang.String,java.lang.String)[pri:0, instance:MerchantUI.LoginPage@61e3a1fd]" started-at="2022-06-18T16:07:22 IST" name="InvalidLogin" data-provider="getInvalidTestData" finished-at="2022-06-18T16:07:22 IST" duration-ms="448" status="PASS">
          <params>
            <param index="0">
              <value>
                <![CDATA[Gpaystaging]]>
              </value>
            </param>
            <param index="1">
              <value>
                <![CDATA[]]>
              </value>
            </param>
            <param index="2">
              <value>
                <![CDATA[Test With Valid Username No Password]]>
              </value>
            </param>
          </params>
          <reporter-output>
          </reporter-output>
        </test-method> <!-- InvalidLogin -->
        <test-method signature="InvalidLogin(java.lang.String,java.lang.String,java.lang.String)[pri:0, instance:MerchantUI.LoginPage@61e3a1fd]" started-at="2022-06-18T16:07:23 IST" name="InvalidLogin" data-provider="getInvalidTestData" finished-at="2022-06-18T16:07:23 IST" duration-ms="423" status="PASS">
          <params>
            <param index="0">
              <value>
                <![CDATA[      ]]>
              </value>
            </param>
            <param index="1">
              <value>
                <![CDATA[]]>
              </value>
            </param>
            <param index="2">
              <value>
                <![CDATA[Test With Invalid Username No Password]]>
              </value>
            </param>
          </params>
          <reporter-output>
          </reporter-output>
        </test-method> <!-- InvalidLogin -->
        <test-method signature="InvalidLogin(java.lang.String,java.lang.String,java.lang.String)[pri:0, instance:MerchantUI.LoginPage@61e3a1fd]" started-at="2022-06-18T16:07:24 IST" name="InvalidLogin" data-provider="getInvalidTestData" finished-at="2022-06-18T16:07:24 IST" duration-ms="460" status="PASS">
          <params>
            <param index="0">
              <value>
                <![CDATA[]]>
              </value>
            </param>
            <param index="1">
              <value>
                <![CDATA[]]>
              </value>
            </param>
            <param index="2">
              <value>
                <![CDATA[Test With No Username No Password]]>
              </value>
            </param>
          </params>
          <reporter-output>
          </reporter-output>
        </test-method> <!-- InvalidLogin -->
        <test-method signature="loginFormTitleValidation()[pri:0, instance:MerchantUI.LoginPage@61e3a1fd]" started-at="2022-06-18T16:07:25 IST" name="loginFormTitleValidation" finished-at="2022-06-18T16:07:25 IST" duration-ms="58" status="FAIL">
          <exception class="java.lang.AssertionError">
            <message>
              <![CDATA[expected [Login to Test Merchant Accounts] but found [Login to Test Merchant Account]]]>
            </message>
            <full-stacktrace>
              <![CDATA[java.lang.AssertionError: expected [Login to Test Merchant Accounts] but found [Login to Test Merchant Account]
at org.testng.Assert.fail(Assert.java:110)
at org.testng.Assert.failNotEquals(Assert.java:1413)
at org.testng.Assert.assertEqualsImpl(Assert.java:149)
at org.testng.Assert.assertEquals(Assert.java:131)
at org.testng.Assert.assertEquals(Assert.java:655)
at org.testng.Assert.assertEquals(Assert.java:665)
at MerchantUI.LoginPage.loginFormTitleValidation(LoginPage.java:38)
at java.base/jdk.internal.reflect.NativeMethodAccessorImpl.invoke0(Native Method)
at java.base/jdk.internal.reflect.NativeMethodAccessorImpl.invoke(NativeMethodAccessorImpl.java:62)
at java.base/jdk.internal.reflect.DelegatingMethodAccessorImpl.invoke(DelegatingMethodAccessorImpl.java:43)
at java.base/java.lang.reflect.Method.invoke(Method.java:566)
at org.testng.internal.invokers.MethodInvocationHelper.invokeMethod(MethodInvocationHelper.java:139)
at org.testng.internal.invokers.TestInvoker.invokeMethod(TestInvoker.java:677)
at org.testng.internal.invokers.TestInvoker.invokeTestMethod(TestInvoker.java:221)
at org.testng.internal.invokers.MethodRunner.runInSequence(MethodRunner.java:50)
at org.testng.internal.invokers.TestInvoker$MethodInvocationAgent.invoke(TestInvoker.java:962)
at org.testng.internal.invokers.TestInvoker.invokeTestMethods(TestInvoker.java:194)
at org.testng.internal.invokers.TestMethodWorker.invokeTestMethods(TestMethodWorker.java:148)
at org.testng.internal.invokers.TestMethodWorker.run(TestMethodWorker.java:128)
at java.base/java.util.ArrayList.forEach(ArrayList.java:1541)
at org.testng.TestRunner.privateRun(TestRunner.java:806)
at org.testng.TestRunner.run(TestRunner.java:601)
at org.testng.SuiteRunner.runTest(SuiteRunner.java:433)
at org.testng.SuiteRunner.runSequentially(SuiteRunner.java:427)
at org.testng.SuiteRunner.privateRun(SuiteRunner.java:387)
at org.testng.SuiteRunner.run(SuiteRunner.java:330)
at org.testng.SuiteRunnerWorker.runSuite(SuiteRunnerWorker.java:52)
at org.testng.SuiteRunnerWorker.run(SuiteRunnerWorker.java:95)
at org.testng.TestNG.runSuitesSequentially(TestNG.java:1256)
at org.testng.TestNG.runSuitesLocally(TestNG.java:1176)
at org.testng.TestNG.runSuites(TestNG.java:1099)
at org.testng.TestNG.run(TestNG.java:1067)
at org.apache.maven.surefire.testng.TestNGExecutor.run(TestNGExecutor.java:324)
at org.apache.maven.surefire.testng.TestNGXmlTestSuite.execute(TestNGXmlTestSuite.java:74)
at org.apache.maven.surefire.testng.TestNGProvider.invoke(TestNGProvider.java:123)
at org.apache.maven.surefire.booter.ForkedBooter.runSuitesInProcess(ForkedBooter.java:456)
at org.apache.maven.surefire.booter.ForkedBooter.execute(ForkedBooter.java:169)
at org.apache.maven.surefire.booter.ForkedBooter.run(ForkedBooter.java:595)
at org.apache.maven.surefire.booter.ForkedBooter.main(ForkedBooter.java:581)
]]>
            </full-stacktrace>
          </exception> <!-- java.lang.AssertionError -->
          <reporter-output>
          </reporter-output>
        </test-method> <!-- loginFormTitleValidation -->
        <test-method is-config="true" signature="CloseBrowser()[pri:0, instance:MerchantUI.LoginPage@61e3a1fd]" started-at="2022-06-18T16:07:25 IST" name="CloseBrowser" finished-at="2022-06-18T16:07:25 IST" duration-ms="290" status="PASS">
          <reporter-output>
          </reporter-output>
        </test-method> <!-- CloseBrowser -->
      </class> <!-- MerchantUI.LoginPage -->
    </test> <!-- Test -->
  </suite> <!-- Suite -->
</testng-results>
